#
# There is insufficient memory for the Java Runtime Environment to continue.
# Native memory allocation (mmap) failed to map 65011712 bytes for G1 virtual space
# Possible reasons:
#   The system is out of physical RAM or swap space
#   The process is running with CompressedOops enabled, and the Java Heap may be blocking the growth of the native heap
# Possible solutions:
#   Reduce memory load on the system
#   Increase physical memory or swap space
#   Check if swap backing store is full
#   Decrease Java heap size (-Xmx/-Xms)
#   Decrease number of Java threads
#   Decrease Java thread stack sizes (-Xss)
#   Set larger code cache with -XX:ReservedCodeCacheSize=
#   JVM is running with Unscaled Compressed Oops mode in which the Java heap is
#     placed in the first 4GB address space. The Java Heap base address is the
#     maximum limit for the native heap growth. Please use -XX:HeapBaseMinAddress
#     to set the Java Heap base and to place the Java Heap above 4GB virtual address.
# This output file may be truncated or incomplete.
#
#  Out of Memory Error (os_windows.cpp:3557), pid=12340, tid=12684
#
# JRE version:  (17.0.6+10) (build )
# Java VM: OpenJDK 64-Bit Server VM (17.0.6+10, mixed mode, sharing, tiered, compressed oops, compressed class ptrs, g1 gc, windows-amd64)
# No core dump will be written. Minidumps are not enabled by default on client versions of Windows
#

---------------  S U M M A R Y ------------

Command Line: -Dfile.encoding=UTF-8 -XX:+ShowCodeDetailsInExceptionMessages project.Main

Host: Intel(R) Core(TM) i5-2450M CPU @ 2.50GHz, 4 cores, 3G,  Windows 10 , 64 bit Build 19041 (10.0.19041.2546)
Time: Fri May 19 08:24:10 2023 Pacific Daylight Time elapsed time: 0.027403 seconds (0d 0h 0m 0s)

---------------  T H R E A D  ---------------

Current thread (0x000001ce1e947d10):  JavaThread "Unknown thread" [_thread_in_vm, id=12684, stack(0x00000023b6400000,0x00000023b6500000)]

Stack: [0x00000023b6400000,0x00000023b6500000]
Native frames: (J=compiled Java code, j=interpreted, Vv=VM code, C=native code)
V  [jvm.dll+0x67741a]
V  [jvm.dll+0x834434]
V  [jvm.dll+0x835bde]
V  [jvm.dll+0x836243]
V  [jvm.dll+0x2457b5]
V  [jvm.dll+0x674329]
V  [jvm.dll+0x6689da]
V  [jvm.dll+0x30489b]
V  [jvm.dll+0x30bd96]
V  [jvm.dll+0x35b57e]
V  [jvm.dll+0x35b7af]
V  [jvm.dll+0x2db778]
V  [jvm.dll+0x2dc6e4]
V  [jvm.dll+0x806131]
V  [jvm.dll+0x369331]
V  [jvm.dll+0x7e56ac]
V  [jvm.dll+0x3eb35f]
V  [jvm.dll+0x3ecea1]
C  [jli.dll+0x5267]
C  [ucrtbase.dll+0x21bb2]
C  [KERNEL32.DLL+0x17614]
C  [ntdll.dll+0x526a1]


---------------  P R O C E S S  ---------------

Threads class SMR info:
_java_thread_list=0x00007ffe92d55fd8, length=0, elements={
}

Java Threads: ( => current thread )

Other Threads:
  0x000001ce1e983370 GCTaskThread "GC Thread#0" [stack: 0x00000023b6500000,0x00000023b6600000] [id=11712]
  0x000001ce1e98bdf0 ConcurrentGCThread "G1 Main Marker" [stack: 0x00000023b6600000,0x00000023b6700000] [id=11704]
  0x000001ce1e98e4f0 ConcurrentGCThread "G1 Conc#0" [stack: 0x00000023b6700000,0x00000023b6800000] [id=10004]

[error occurred during error reporting (printing all threads), id 0xc0000005, EXCEPTION_ACCESS_VIOLATION (0xc0000005) at pc=0x00007ffe9252c1e7]

VM state: not at safepoint (not fully initialized)

VM Mutex/Monitor currently owned by a thread:  ([mutex/lock_event])
[0x000001ce1e944200] Heap_lock - owner thread: 0x000001ce1e947d10

Heap address: 0x00000000c2600000, size: 986 MB, Compressed Oops mode: 32-bit

CDS archive(s) mapped at: [0x0000000000000000-0x0000000000000000-0x0000000000000000), size 0, SharedBaseAddress: 0x0000000800000000, ArchiveRelocationMode: 0.
Narrow klass base: 0x0000000000000000, Narrow klass shift: 0, Narrow klass range: 0x0

GC Precious Log:
<Empty>

Heap:
 garbage-first heap   total 0K, used 0K [0x00000000c2600000, 0x0000000100000000)
  region size 1024K, 0 young (0K), 0 survivors (0K)

[error occurred during error reporting (printing heap information), id 0xc0000005, EXCEPTION_ACCESS_VIOLATION (0xc0000005) at pc=0x00007ffe929106f9]

GC Heap History (0 events):
No events

Dll operation events (1 events):
Event: 0.016 Loaded shared library C:\Users\yamna bukhari\.p2\pool\plugins\org.eclipse.justj.openjdk.hotspot.jre.full.win32.x86_64_17.0.6.v20230204-1729\jre\bin\java.dll

Deoptimization events (0 events):
No events

Classes unloaded (0 events):
No events

Classes redefined (0 events):
No events

Internal exceptions (0 events):
No events

VM Operations (0 events):
No events

Events (0 events):
No events


Dynamic libraries:
0x00007ff6c79c0000 - 0x00007ff6c79ce000 	C:\Users\yamna bukhari\.p2\pool\plugins\org.eclipse.justj.openjdk.hotspot.jre.full.win32.x86_64_17.0.6.v20230204-1729\jre\bin\javaw.exe
0x00007ffec78f0000 - 0x00007ffec7ae8000 	C:\Windows\SYSTEM32\ntdll.dll
0x00007ffec76f0000 - 0x00007ffec77af000 	C:\Windows\System32\KERNEL32.DLL
0x00007ffec5650000 - 0x00007ffec5922000 	C:\Windows\System32\KERNELBASE.dll
0x00007ffec5090000 - 0x00007ffec5190000 	C:\Windows\System32\ucrtbase.dll
0x00007ffebfdb0000 - 0x00007ffebfdc7000 	C:\Users\yamna bukhari\.p2\pool\plugins\org.eclipse.justj.openjdk.hotspot.jre.full.win32.x86_64_17.0.6.v20230204-1729\jre\bin\jli.dll
0x00007ffec6aa0000 - 0x00007ffec6c41000 	C:\Windows\System32\USER32.dll
0x00007ffec52f0000 - 0x00007ffec5312000 	C:\Windows\System32\win32u.dll
0x00007ffec6110000 - 0x00007ffec613b000 	C:\Windows\System32\GDI32.dll
0x00007ffec5460000 - 0x00007ffec556f000 	C:\Windows\System32\gdi32full.dll
0x00007ffec53c0000 - 0x00007ffec545d000 	C:\Windows\System32\msvcp_win.dll
0x00007ffeb83b0000 - 0x00007ffeb864a000 	C:\Windows\WinSxS\amd64_microsoft.windows.common-controls_6595b64144ccf1df_6.0.19041.1110_none_60b5254171f9507e\COMCTL32.dll
0x00007ffec6950000 - 0x00007ffec69ee000 	C:\Windows\System32\msvcrt.dll
0x00007ffeb9130000 - 0x00007ffeb9149000 	C:\Users\yamna bukhari\.p2\pool\plugins\org.eclipse.justj.openjdk.hotspot.jre.full.win32.x86_64_17.0.6.v20230204-1729\jre\bin\VCRUNTIME140.dll
0x00007ffec6270000 - 0x00007ffec62a2000 	C:\Windows\System32\IMM32.DLL
0x00007ffec1e50000 - 0x00007ffec1e5c000 	C:\Users\yamna bukhari\.p2\pool\plugins\org.eclipse.justj.openjdk.hotspot.jre.full.win32.x86_64_17.0.6.v20230204-1729\jre\bin\vcruntime140_1.dll
0x00007ffea5cc0000 - 0x00007ffea5d51000 	C:\Users\yamna bukhari\.p2\pool\plugins\org.eclipse.justj.openjdk.hotspot.jre.full.win32.x86_64_17.0.6.v20230204-1729\jre\bin\msvcp140.dll
0x00007ffe92240000 - 0x00007ffe92e87000 	C:\Users\yamna bukhari\.p2\pool\plugins\org.eclipse.justj.openjdk.hotspot.jre.full.win32.x86_64_17.0.6.v20230204-1729\jre\bin\server\jvm.dll
0x00007ffec6160000 - 0x00007ffec620e000 	C:\Windows\System32\ADVAPI32.dll
0x00007ffec66d0000 - 0x00007ffec676c000 	C:\Windows\System32\sechost.dll
0x00007ffec6390000 - 0x00007ffec64b5000 	C:\Windows\System32\RPCRT4.dll
0x00007ffec1e80000 - 0x00007ffec1e89000 	C:\Windows\SYSTEM32\WSOCK32.dll
0x00007ffec7840000 - 0x00007ffec78ab000 	C:\Windows\System32\WS2_32.dll
0x00007ffeb9070000 - 0x00007ffeb9097000 	C:\Windows\SYSTEM32\WINMM.dll
0x00007ffeb99d0000 - 0x00007ffeb99da000 	C:\Windows\SYSTEM32\VERSION.dll
0x00007ffec2ea0000 - 0x00007ffec2eb2000 	C:\Windows\SYSTEM32\kernel.appcore.dll
0x00007ffec05c0000 - 0x00007ffec05ca000 	C:\Users\yamna bukhari\.p2\pool\plugins\org.eclipse.justj.openjdk.hotspot.jre.full.win32.x86_64_17.0.6.v20230204-1729\jre\bin\jimage.dll
0x00007ffeb6750000 - 0x00007ffeb6934000 	C:\Windows\SYSTEM32\DBGHELP.DLL
0x00007ffeba510000 - 0x00007ffeba545000 	C:\Windows\SYSTEM32\dbgcore.DLL
0x00007ffec55c0000 - 0x00007ffec5642000 	C:\Windows\System32\bcryptPrimitives.dll
0x00007ffeb01a0000 - 0x00007ffeb01c5000 	C:\Users\yamna bukhari\.p2\pool\plugins\org.eclipse.justj.openjdk.hotspot.jre.full.win32.x86_64_17.0.6.v20230204-1729\jre\bin\java.dll

dbghelp: loaded successfully - version: 4.0.5 - missing functions: none
symbol engine: initialized successfully - sym options: 0x614 - pdb path: .;C:\Users\yamna bukhari\.p2\pool\plugins\org.eclipse.justj.openjdk.hotspot.jre.full.win32.x86_64_17.0.6.v20230204-1729\jre\bin;C:\Windows\SYSTEM32;C:\Windows\WinSxS\amd64_microsoft.windows.common-controls_6595b64144ccf1df_6.0.19041.1110_none_60b5254171f9507e;C:\Users\yamna bukhari\.p2\pool\plugins\org.eclipse.justj.openjdk.hotspot.jre.full.win32.x86_64_17.0.6.v20230204-1729\jre\bin\server

VM Arguments:
jvm_args: -Dfile.encoding=UTF-8 -XX:+ShowCodeDetailsInExceptionMessages 
java_command: project.Main
java_class_path (initial): D:\Java\project\bin
Launcher Type: SUN_STANDARD

[Global flags]
     intx CICompilerCount                          = 3                                         {product} {ergonomic}
     uint ConcGCThreads                            = 1                                         {product} {ergonomic}
     uint G1ConcRefinementThreads                  = 4                                         {product} {ergonomic}
   size_t G1HeapRegionSize                         = 1048576                                   {product} {ergonomic}
    uintx GCDrainStackTargetSize                   = 64                                        {product} {ergonomic}
   size_t InitialHeapSize                          = 65011712                                  {product} {ergonomic}
   size_t MarkStackSize                            = 4194304                                   {product} {ergonomic}
   size_t MaxHeapSize                              = 1033895936                                {product} {ergonomic}
   size_t MinHeapDeltaBytes                        = 1048576                                   {product} {ergonomic}
   size_t MinHeapSize                              = 8388608                                   {product} {ergonomic}
    uintx NonNMethodCodeHeapSize                   = 5832780                                {pd product} {ergonomic}
    uintx NonProfiledCodeHeapSize                  = 122912730                              {pd product} {ergonomic}
    uintx ProfiledCodeHeapSize                     = 122912730                              {pd product} {ergonomic}
    uintx ReservedCodeCacheSize                    = 251658240                              {pd product} {ergonomic}
     bool SegmentedCodeCache                       = true                                      {product} {ergonomic}
     bool ShowCodeDetailsInExceptionMessages       = true                                   {manageable} {command line}
   size_t SoftMaxHeapSize                          = 1033895936                             {manageable} {ergonomic}
     bool UseCompressedClassPointers               = true                           {product lp64_product} {ergonomic}
     bool UseCompressedOops                        = true                           {product lp64_product} {ergonomic}
     bool UseG1GC                                  = true                                      {product} {ergonomic}
     bool UseLargePagesIndividualAllocation        = false                                  {pd product} {ergonomic}

Logging:
Log output configuration:
 #0: stdout all=warning uptime,level,tags
 #1: stderr all=off uptime,level,tags

Environment Variables:
PATH=C:/Users/yamna bukhari/.p2/pool/plugins/org.eclipse.justj.openjdk.hotspot.jre.full.win32.x86_64_17.0.6.v20230204-1729/jre/bin/server;C:/Users/yamna bukhari/.p2/pool/plugins/org.eclipse.justj.openjdk.hotspot.jre.full.win32.x86_64_17.0.6.v20230204-1729/jre/bin;C:\Windows\system32;C:\Windows;C:\Windows\System32\Wbem;C:\Windows\System32\WindowsPowerShell\v1.0\;C:\Windows\System32\OpenSSH\;C:\Users\yamna bukhari\AppData\Local\Microsoft\WindowsApps;;C:\Users\yamna bukhari\Desktop;
USERNAME=yamna bukhari
OS=Windows_NT
PROCESSOR_IDENTIFIER=Intel64 Family 6 Model 42 Stepping 7, GenuineIntel
TMP=C:\Users\YAMNAB~1\AppData\Local\Temp
TEMP=C:\Users\YAMNAB~1\AppData\Local\Temp



---------------  S Y S T E M  ---------------

OS:
 Windows 10 , 64 bit Build 19041 (10.0.19041.2546)
OS uptime: 50 days 11:58 hours

CPU: total 4 (initial active 4) (2 cores per cpu, 2 threads per core) family 6 model 42 stepping 7 microcode 0x2f, cx8, cmov, fxsr, ht, mmx, sse, sse2, sse3, ssse3, sse4.1, sse4.2, popcnt, tsc, tscinvbit, avx, aes, clmul, vzeroupper, clflush

Memory: 4k page, system-wide physical 3937M (377M free)
TotalPageFile size 11621M (AvailPageFile size 43M)
current process WorkingSet (physical memory assigned to process): 10M, peak: 10M
current process commit charge ("private bytes"): 51M, peak: 113M

vm_info: OpenJDK 64-Bit Server VM (17.0.6+10) for windows-amd64 JRE (17.0.6+10), built on Jan 18 2023 10:08:59 by "temurin" with MS VC++ 16.7 (VS2019)

END.
